<?xml version="1.0" encoding="UTF-8"?>
<!-- Generated by org.testng.reporters.JUnitReportReporter -->
<testsuite hostname="BINTERNS-QA13L" failures="0" tests="3" name="Day2wait.FlipcartAuto" time="13.383" errors="0" timestamp="2023-03-03T07:48:48 GMT-05:00" skipped="0">
  <testcase classname="Day2wait.FlipcartAuto" name="maxm" time="3.001"/>
  <system-out/>
  <testcase classname="Day2wait.FlipcartAuto" name="PageSource" time="0.208"/>
  <system-out/>
  <testcase classname="Day2wait.FlipcartAuto" name="closeCart" time="10.174"/>
  <system-out/>
</testsuite> <!-- Day2wait.FlipcartAuto -->
