<?xml version="1.0" encoding="UTF-8"?>
<!-- Generated by org.testng.reporters.JUnitReportReporter -->
<testsuite hostname="BINTERNS-QA13L" failures="0" tests="2" name="Day3Method.ClassDemo" time="0.118" errors="0" timestamp="2023-03-07T01:17:21 GMT-05:00" skipped="0">
  <testcase classname="Day3Method.ClassDemo" name="testLogo" time="0.103"/>
  <system-out/>
  <testcase classname="Day3Method.ClassDemo" name="testHomePageTitle" time="0.015"/>
  <system-out/>
</testsuite> <!-- Day3Method.ClassDemo -->
