<?xml version="1.0" encoding="UTF-8"?>
<!-- Generated by org.testng.reporters.JUnitReportReporter -->
<testsuite hostname="BINTERNS-QA13L" failures="0" tests="10" name="Day3Method.InvocationCountDemo" time="0.023" errors="0" timestamp="2023-03-06T23:52:21 GMT-05:00" skipped="0">
  <testcase classname="Day3Method.InvocationCountDemo" name="test" time="0.001"/>
  <system-out/>
  <testcase classname="Day3Method.InvocationCountDemo" name="test" time="0.001"/>
  <system-out/>
  <testcase classname="Day3Method.InvocationCountDemo" name="test" time="0.001"/>
  <system-out/>
  <testcase classname="Day3Method.InvocationCountDemo" name="test" time="0.014"/>
  <system-out/>
  <testcase classname="Day3Method.InvocationCountDemo" name="test" time="0.001"/>
  <system-out/>
  <testcase classname="Day3Method.InvocationCountDemo" name="test" time="0.001"/>
  <system-out/>
  <testcase classname="Day3Method.InvocationCountDemo" name="test" time="0.001"/>
  <system-out/>
  <testcase classname="Day3Method.InvocationCountDemo" name="test" time="0.001"/>
  <system-out/>
  <testcase classname="Day3Method.InvocationCountDemo" name="test" time="0.001"/>
  <system-out/>
  <testcase classname="Day3Method.InvocationCountDemo" name="test" time="0.001"/>
  <system-out/>
</testsuite> <!-- Day3Method.InvocationCountDemo -->
