<?xml version="1.0" encoding="UTF-8"?>
<!-- Generated by org.testng.reporters.JUnitReportReporter -->
<testsuite hostname="BINTERNS-QA13L" failures="0" tests="2" name="Day2wait.SearchAndAdvanceSearch" time="0.008" errors="0" timestamp="2023-03-06T01:16:15 GMT-05:00" skipped="0">
  <testcase classname="Day2wait.SearchAndAdvanceSearch" name="search" time="0.006"/>
  <system-out/>
  <testcase classname="Day2wait.SearchAndAdvanceSearch" name="AdvanceSearch" time="0.002"/>
  <system-out/>
</testsuite> <!-- Day2wait.SearchAndAdvanceSearch -->
