<?xml version="1.0" encoding="UTF-8"?>
<!-- Generated by org.testng.reporters.JUnitReportReporter -->
<testsuite hostname="BINTERNS-QA13L" failures="0" tests="3" name="Day2wait.NewTest" time="27.810" errors="0" timestamp="2023-03-03T02:21:36 GMT-05:00" skipped="0">
  <testcase classname="Day2wait.NewTest" name="open" time="13.862"/>
  <system-out/>
  <testcase classname="Day2wait.NewTest" name="login" time="3.793"/>
  <system-out/>
  <testcase classname="Day2wait.NewTest" name="closeapp" time="10.155"/>
  <system-out/>
</testsuite> <!-- Day2wait.NewTest -->
