<?xml version="1.0" encoding="UTF-8"?>
<!-- Generated by org.testng.reporters.JUnitReportReporter -->
<testsuite hostname="BINTERNS-QA13L" failures="0" tests="4" name="Day3Method.Facbook" time="14.790" errors="0" timestamp="2023-03-09T04:22:46 GMT-05:00" skipped="0">
  <testcase classname="Day3Method.Facbook" name="openChrome" time="8.138"/>
  <system-out/>
  <testcase classname="Day3Method.Facbook" name="verifyfb" time="0.043"/>
  <system-out/>
  <testcase classname="Day3Method.Facbook" name="fillpage" time="1.474"/>
  <system-out/>
  <testcase classname="Day3Method.Facbook" name="closefb" time="5.135"/>
  <system-out/>
</testsuite> <!-- Day3Method.Facbook -->
