<?xml version="1.0" encoding="UTF-8"?>
<!-- Generated by org.testng.reporters.JUnitReportReporter -->
<testsuite hostname="BINTERNS-QA13L" failures="0" tests="3" name="Day2wait.NewTest" time="44.165" errors="0" timestamp="2023-03-07T05:53:14 GMT-05:00" skipped="0">
  <testcase classname="Day2wait.NewTest" name="open" time="30.171"/>
  <system-out/>
  <testcase classname="Day2wait.NewTest" name="login" time="3.851"/>
  <system-out/>
  <testcase classname="Day2wait.NewTest" name="closeapp" time="10.143"/>
  <system-out/>
</testsuite> <!-- Day2wait.NewTest -->
